[2026-07-01T19:48:23.037+0000] {local_task_job_runner.py:120} INFO - ::group::Pre task execution logs
[2026-07-01T19:48:23.046+0000] {taskinstance.py:2076} INFO - Dependencies all met for dep_context=non-requeueable deps ti=<TaskInstance: finflow_pipeline.silver_transformation manual__2026-07-01T19:48:20.305535+00:00 [queued]>
[2026-07-01T19:48:23.048+0000] {taskinstance.py:2076} INFO - Dependencies all met for dep_context=requeueable deps ti=<TaskInstance: finflow_pipeline.silver_transformation manual__2026-07-01T19:48:20.305535+00:00 [queued]>
[2026-07-01T19:48:23.049+0000] {taskinstance.py:2306} INFO - Starting attempt 1 of 4
[2026-07-01T19:48:23.053+0000] {taskinstance.py:2330} INFO - Executing <Task(PythonOperator): silver_transformation> on 2026-07-01 19:48:20.305535+00:00
[2026-07-01T19:48:23.055+0000] {warnings.py:110} WARNING - /home/***/.local/lib/python3.12/site-packages/***/task/task_runner/standard_task_runner.py:61: DeprecationWarning: This process (pid=371) is multi-threaded, use of fork() may lead to deadlocks in the child.
  pid = os.fork()

[2026-07-01T19:48:23.057+0000] {standard_task_runner.py:63} INFO - Started process 372 to run task
[2026-07-01T19:48:23.057+0000] {standard_task_runner.py:90} INFO - Running: ['***', 'tasks', 'run', 'finflow_pipeline', 'silver_transformation', 'manual__2026-07-01T19:48:20.305535+00:00', '--job-id', '12', '--raw', '--subdir', 'DAGS_FOLDER/finflow_pipeline.py', '--cfg-path', '/tmp/tmpriju_6y0']
[2026-07-01T19:48:23.058+0000] {standard_task_runner.py:91} INFO - Job 12: Subtask silver_transformation
[2026-07-01T19:48:23.074+0000] {task_command.py:426} INFO - Running <TaskInstance: finflow_pipeline.silver_transformation manual__2026-07-01T19:48:20.305535+00:00 [running]> on host 22b579d022fd
[2026-07-01T19:48:23.101+0000] {taskinstance.py:2648} INFO - Exporting env vars: AIRFLOW_CTX_DAG_OWNER='sakshi' AIRFLOW_CTX_DAG_ID='finflow_pipeline' AIRFLOW_CTX_TASK_ID='silver_transformation' AIRFLOW_CTX_EXECUTION_DATE='2026-07-01T19:48:20.305535+00:00' AIRFLOW_CTX_TRY_NUMBER='1' AIRFLOW_CTX_DAG_RUN_ID='manual__2026-07-01T19:48:20.305535+00:00'
[2026-07-01T19:48:23.101+0000] {taskinstance.py:430} INFO - ::endgroup::
[2026-07-01T19:48:23.106+0000] {logging_mixin.py:188} INFO - Running Silver transformation...
[2026-07-01T19:48:23.106+0000] {logging_mixin.py:188} INFO - Reading Bronze Parquet from storage...
[2026-07-01T19:48:23.106+0000] {logging_mixin.py:188} INFO - Cleaning: renaming columns, dropping duplicates, filtering nulls...
[2026-07-01T19:48:23.106+0000] {logging_mixin.py:188} INFO - Writing Delta table: transactions_silver
[2026-07-01T19:48:23.106+0000] {logging_mixin.py:188} INFO - Silver transformation complete — 6,362,604 rows written
[2026-07-01T19:48:23.106+0000] {python.py:237} INFO - Done. Returned value was: None
[2026-07-01T19:48:23.106+0000] {taskinstance.py:441} INFO - ::group::Post task execution logs
[2026-07-01T19:48:23.109+0000] {taskinstance.py:1206} INFO - Marking task as SUCCESS. dag_id=finflow_pipeline, task_id=silver_transformation, run_id=manual__2026-07-01T19:48:20.305535+00:00, execution_date=20260701T194820, start_date=20260701T194823, end_date=20260701T194823
[2026-07-01T19:48:23.156+0000] {local_task_job_runner.py:240} INFO - Task exited with return code 0
[2026-07-01T19:48:23.166+0000] {taskinstance.py:3498} INFO - 1 downstream tasks scheduled from follow-on schedule check
[2026-07-01T19:48:23.166+0000] {local_task_job_runner.py:222} INFO - ::endgroup::
