[2026-07-01T19:48:12.912+0000] {local_task_job_runner.py:120} INFO - ::group::Pre task execution logs
[2026-07-01T19:48:12.919+0000] {taskinstance.py:2076} INFO - Dependencies all met for dep_context=non-requeueable deps ti=<TaskInstance: finflow_pipeline.quality_check scheduled__2026-06-30T00:00:00+00:00 [queued]>
[2026-07-01T19:48:12.922+0000] {taskinstance.py:2076} INFO - Dependencies all met for dep_context=requeueable deps ti=<TaskInstance: finflow_pipeline.quality_check scheduled__2026-06-30T00:00:00+00:00 [queued]>
[2026-07-01T19:48:12.922+0000] {taskinstance.py:2306} INFO - Starting attempt 1 of 4
[2026-07-01T19:48:12.926+0000] {taskinstance.py:2330} INFO - Executing <Task(PythonOperator): quality_check> on 2026-06-30 00:00:00+00:00
[2026-07-01T19:48:12.928+0000] {warnings.py:110} WARNING - /home/***/.local/lib/python3.12/site-packages/***/task/task_runner/standard_task_runner.py:61: DeprecationWarning: This process (pid=360) is multi-threaded, use of fork() may lead to deadlocks in the child.
  pid = os.fork()

[2026-07-01T19:48:12.928+0000] {standard_task_runner.py:63} INFO - Started process 361 to run task
[2026-07-01T19:48:12.929+0000] {standard_task_runner.py:90} INFO - Running: ['***', 'tasks', 'run', 'finflow_pipeline', 'quality_check', 'scheduled__2026-06-30T00:00:00+00:00', '--job-id', '10', '--raw', '--subdir', 'DAGS_FOLDER/finflow_pipeline.py', '--cfg-path', '/tmp/tmpl5k1wm3c']
[2026-07-01T19:48:12.929+0000] {standard_task_runner.py:91} INFO - Job 10: Subtask quality_check
[2026-07-01T19:48:12.948+0000] {task_command.py:426} INFO - Running <TaskInstance: finflow_pipeline.quality_check scheduled__2026-06-30T00:00:00+00:00 [running]> on host 22b579d022fd
[2026-07-01T19:48:12.980+0000] {taskinstance.py:2648} INFO - Exporting env vars: AIRFLOW_CTX_DAG_OWNER='sakshi' AIRFLOW_CTX_DAG_ID='finflow_pipeline' AIRFLOW_CTX_TASK_ID='quality_check' AIRFLOW_CTX_EXECUTION_DATE='2026-06-30T00:00:00+00:00' AIRFLOW_CTX_TRY_NUMBER='1' AIRFLOW_CTX_DAG_RUN_ID='scheduled__2026-06-30T00:00:00+00:00'
[2026-07-01T19:48:12.981+0000] {taskinstance.py:430} INFO - ::endgroup::
[2026-07-01T19:48:12.986+0000] {logging_mixin.py:188} INFO - Running data quality checks...
[2026-07-01T19:48:12.986+0000] {logging_mixin.py:188} INFO - Checking row counts match expectations...
[2026-07-01T19:48:12.986+0000] {logging_mixin.py:188} INFO - Checking no nulls in critical columns...
[2026-07-01T19:48:12.986+0000] {logging_mixin.py:188} INFO - Checking fraud rate within expected range (0.1% - 1.0%)...
[2026-07-01T19:48:12.986+0000] {logging_mixin.py:188} INFO - All quality checks passed
[2026-07-01T19:48:12.986+0000] {python.py:237} INFO - Done. Returned value was: None
[2026-07-01T19:48:12.987+0000] {taskinstance.py:441} INFO - ::group::Post task execution logs
[2026-07-01T19:48:12.990+0000] {taskinstance.py:1206} INFO - Marking task as SUCCESS. dag_id=finflow_pipeline, task_id=quality_check, run_id=scheduled__2026-06-30T00:00:00+00:00, execution_date=20260630T000000, start_date=20260701T194812, end_date=20260701T194812
[2026-07-01T19:48:13.029+0000] {local_task_job_runner.py:240} INFO - Task exited with return code 0
[2026-07-01T19:48:13.036+0000] {taskinstance.py:3498} INFO - 0 downstream tasks scheduled from follow-on schedule check
[2026-07-01T19:48:13.037+0000] {local_task_job_runner.py:222} INFO - ::endgroup::
