[2026-07-01T19:48:11.854+0000] {local_task_job_runner.py:120} INFO - ::group::Pre task execution logs
[2026-07-01T19:48:11.862+0000] {taskinstance.py:2076} INFO - Dependencies all met for dep_context=non-requeueable deps ti=<TaskInstance: finflow_pipeline.gold_aggregations scheduled__2026-06-30T00:00:00+00:00 [queued]>
[2026-07-01T19:48:11.864+0000] {taskinstance.py:2076} INFO - Dependencies all met for dep_context=requeueable deps ti=<TaskInstance: finflow_pipeline.gold_aggregations scheduled__2026-06-30T00:00:00+00:00 [queued]>
[2026-07-01T19:48:11.865+0000] {taskinstance.py:2306} INFO - Starting attempt 1 of 4
[2026-07-01T19:48:11.868+0000] {taskinstance.py:2330} INFO - Executing <Task(PythonOperator): gold_aggregations> on 2026-06-30 00:00:00+00:00
[2026-07-01T19:48:11.871+0000] {warnings.py:110} WARNING - /home/***/.local/lib/python3.12/site-packages/***/task/task_runner/standard_task_runner.py:61: DeprecationWarning: This process (pid=358) is multi-threaded, use of fork() may lead to deadlocks in the child.
  pid = os.fork()

[2026-07-01T19:48:11.872+0000] {standard_task_runner.py:63} INFO - Started process 359 to run task
[2026-07-01T19:48:11.872+0000] {standard_task_runner.py:90} INFO - Running: ['***', 'tasks', 'run', 'finflow_pipeline', 'gold_aggregations', 'scheduled__2026-06-30T00:00:00+00:00', '--job-id', '9', '--raw', '--subdir', 'DAGS_FOLDER/finflow_pipeline.py', '--cfg-path', '/tmp/tmp55d6rkxk']
[2026-07-01T19:48:11.872+0000] {standard_task_runner.py:91} INFO - Job 9: Subtask gold_aggregations
[2026-07-01T19:48:11.890+0000] {task_command.py:426} INFO - Running <TaskInstance: finflow_pipeline.gold_aggregations scheduled__2026-06-30T00:00:00+00:00 [running]> on host 22b579d022fd
[2026-07-01T19:48:11.914+0000] {taskinstance.py:2648} INFO - Exporting env vars: AIRFLOW_CTX_DAG_OWNER='sakshi' AIRFLOW_CTX_DAG_ID='finflow_pipeline' AIRFLOW_CTX_TASK_ID='gold_aggregations' AIRFLOW_CTX_EXECUTION_DATE='2026-06-30T00:00:00+00:00' AIRFLOW_CTX_TRY_NUMBER='1' AIRFLOW_CTX_DAG_RUN_ID='scheduled__2026-06-30T00:00:00+00:00'
[2026-07-01T19:48:11.914+0000] {taskinstance.py:430} INFO - ::endgroup::
[2026-07-01T19:48:11.918+0000] {logging_mixin.py:188} INFO - Running Gold aggregations...
[2026-07-01T19:48:11.919+0000] {logging_mixin.py:188} INFO - Building fraud summary by transaction type...
[2026-07-01T19:48:11.919+0000] {logging_mixin.py:188} INFO - Building high-risk account watchlist...
[2026-07-01T19:48:11.919+0000] {logging_mixin.py:188} INFO - Writing Delta tables: fraud_summary_gold, account_risk_gold
[2026-07-01T19:48:11.919+0000] {logging_mixin.py:188} INFO - Gold aggregations complete — 8,197 high-risk accounts identified
[2026-07-01T19:48:11.919+0000] {python.py:237} INFO - Done. Returned value was: None
[2026-07-01T19:48:11.919+0000] {taskinstance.py:441} INFO - ::group::Post task execution logs
[2026-07-01T19:48:11.922+0000] {taskinstance.py:1206} INFO - Marking task as SUCCESS. dag_id=finflow_pipeline, task_id=gold_aggregations, run_id=scheduled__2026-06-30T00:00:00+00:00, execution_date=20260630T000000, start_date=20260701T194811, end_date=20260701T194811
[2026-07-01T19:48:11.930+0000] {local_task_job_runner.py:240} INFO - Task exited with return code 0
[2026-07-01T19:48:11.939+0000] {taskinstance.py:3498} INFO - 1 downstream tasks scheduled from follow-on schedule check
[2026-07-01T19:48:11.940+0000] {local_task_job_runner.py:222} INFO - ::endgroup::
