[2026-07-01T19:48:21.950+0000] {local_task_job_runner.py:120} INFO - ::group::Pre task execution logs
[2026-07-01T19:48:21.959+0000] {taskinstance.py:2076} INFO - Dependencies all met for dep_context=non-requeueable deps ti=<TaskInstance: finflow_pipeline.bronze_ingestion manual__2026-07-01T19:48:20.305535+00:00 [queued]>
[2026-07-01T19:48:21.961+0000] {taskinstance.py:2076} INFO - Dependencies all met for dep_context=requeueable deps ti=<TaskInstance: finflow_pipeline.bronze_ingestion manual__2026-07-01T19:48:20.305535+00:00 [queued]>
[2026-07-01T19:48:21.961+0000] {taskinstance.py:2306} INFO - Starting attempt 1 of 4
[2026-07-01T19:48:21.966+0000] {taskinstance.py:2330} INFO - Executing <Task(PythonOperator): bronze_ingestion> on 2026-07-01 19:48:20.305535+00:00
[2026-07-01T19:48:21.968+0000] {warnings.py:110} WARNING - /home/***/.local/lib/python3.12/site-packages/***/task/task_runner/standard_task_runner.py:61: DeprecationWarning: This process (pid=369) is multi-threaded, use of fork() may lead to deadlocks in the child.
  pid = os.fork()

[2026-07-01T19:48:21.969+0000] {standard_task_runner.py:63} INFO - Started process 370 to run task
[2026-07-01T19:48:21.969+0000] {standard_task_runner.py:90} INFO - Running: ['***', 'tasks', 'run', 'finflow_pipeline', 'bronze_ingestion', 'manual__2026-07-01T19:48:20.305535+00:00', '--job-id', '11', '--raw', '--subdir', 'DAGS_FOLDER/finflow_pipeline.py', '--cfg-path', '/tmp/tmprfjbptau']
[2026-07-01T19:48:21.970+0000] {standard_task_runner.py:91} INFO - Job 11: Subtask bronze_ingestion
[2026-07-01T19:48:21.987+0000] {task_command.py:426} INFO - Running <TaskInstance: finflow_pipeline.bronze_ingestion manual__2026-07-01T19:48:20.305535+00:00 [running]> on host 22b579d022fd
[2026-07-01T19:48:22.014+0000] {taskinstance.py:2648} INFO - Exporting env vars: AIRFLOW_CTX_DAG_OWNER='sakshi' AIRFLOW_CTX_DAG_ID='finflow_pipeline' AIRFLOW_CTX_TASK_ID='bronze_ingestion' AIRFLOW_CTX_EXECUTION_DATE='2026-07-01T19:48:20.305535+00:00' AIRFLOW_CTX_TRY_NUMBER='1' AIRFLOW_CTX_DAG_RUN_ID='manual__2026-07-01T19:48:20.305535+00:00'
[2026-07-01T19:48:22.014+0000] {taskinstance.py:430} INFO - ::endgroup::
[2026-07-01T19:48:22.019+0000] {logging_mixin.py:188} INFO - Running Bronze ingestion...
[2026-07-01T19:48:22.019+0000] {logging_mixin.py:188} INFO - Reading PaySim CSV in chunks...
[2026-07-01T19:48:22.019+0000] {logging_mixin.py:188} INFO - Converting to Parquet...
[2026-07-01T19:48:22.019+0000] {logging_mixin.py:188} INFO - Uploading to Azure Data Lake...
[2026-07-01T19:48:22.019+0000] {logging_mixin.py:188} INFO - Bronze ingestion complete — 6,362,620 rows loaded
[2026-07-01T19:48:22.020+0000] {python.py:237} INFO - Done. Returned value was: None
[2026-07-01T19:48:22.020+0000] {taskinstance.py:441} INFO - ::group::Post task execution logs
[2026-07-01T19:48:22.024+0000] {taskinstance.py:1206} INFO - Marking task as SUCCESS. dag_id=finflow_pipeline, task_id=bronze_ingestion, run_id=manual__2026-07-01T19:48:20.305535+00:00, execution_date=20260701T194820, start_date=20260701T194821, end_date=20260701T194822
[2026-07-01T19:48:22.069+0000] {local_task_job_runner.py:240} INFO - Task exited with return code 0
[2026-07-01T19:48:22.079+0000] {taskinstance.py:3498} INFO - 1 downstream tasks scheduled from follow-on schedule check
[2026-07-01T19:48:22.080+0000] {local_task_job_runner.py:222} INFO - ::endgroup::
